<?xml version="1.0" encoding="UTF-8"?>
<!-- Generated by org.testng.reporters.JUnitReportReporter -->
<testsuite hostname="DESKTOP-12590PK" failures="0" tests="1" name="TestRunner.Run" time="42.327" errors="1" timestamp="2024-06-02T12:28:03 IST" skipped="0">
  <testcase classname="TestRunner.Run" name="runScenario" time="42.327">
    <error type="java.lang.NullPointerException">
      <![CDATA[java.lang.NullPointerException
at StepDefination.LoginDef.SetUp(LoginDef.java:75)
]]>
    </error>
  </testcase> <!-- runScenario -->
  <system-out/>
</testsuite> <!-- TestRunner.Run -->
