<?xml version="1.0" encoding="UTF-8"?>
<!-- Generated by org.testng.reporters.JUnitReportReporter -->
<testsuite hostname="DESKTOP-12590PK" failures="0" tests="1" name="TestRunner.Run" time="24.247" errors="0" timestamp="2024-05-23T15:08:28 IST" skipped="0">
  <testcase classname="TestRunner.Run" name="runScenario" time="24.247"/>
  <system-out/>
</testsuite> <!-- TestRunner.Run -->
