<?xml version="1.0" encoding="UTF-8"?>
<!-- Generated by org.testng.reporters.JUnitReportReporter -->
<testsuite hostname="DESKTOP-12590PK" failures="0" tests="1" name="TestRunner.Run" time="85.720" errors="0" timestamp="2024-05-31T18:46:11 IST" skipped="0">
  <testcase classname="TestRunner.Run" name="runScenario" time="85.720"/>
  <system-out/>
</testsuite> <!-- TestRunner.Run -->
